<?xml version="1.0" encoding="UTF-8"?>
<!-- Generated by org.testng.reporters.JUnitXMLReporter -->
<testsuite ignored="0" hostname="DESKTOP-VMLR7DK" failures="0" tests="4" name="Test" time="29.367" errors="0" timestamp="2023-09-08T20:41:58 IST">
  <testcase classname="com.saucedemo.TestPack.TC1_VerfiyLoginFunctionality" name="verifyLoginFunctionality" time="0.087"/>
  <testcase classname="com.saucedemo.TestPack.TC2_VerifyLogOutFunctionality" name="verifyLogOutFunctionality" time="0.434"/>
  <testcase classname="com.saucedemo.TestPack.TC3_VerifyBagProductAddToCartFunctionality" name="verifyBagProductAddToCartFunctionality" time="0.215"/>
  <testcase classname="com.saucedemo.TestPack.TC4_VerfiyAllProductsAddToCartFunctionality" name="verifyAllProductProductAddToCartFunctionality" time="0.484"/>
</testsuite> <!-- Test -->
