<?xml version="1.0" encoding="UTF-8"?>
<!-- Generated by org.testng.reporters.JUnitReportReporter -->
<testsuite hostname="DESKTOP-VMLR7DK" failures="0" tests="1" name="com.saucedemo.TestPack.TC1_VerfiyLoginFunctionality" time="8.765" errors="0" timestamp="2023-09-08T20:41:58 IST" skipped="0">
  <testcase classname="com.saucedemo.TestPack.TC1_VerfiyLoginFunctionality" name="verifyLoginFunctionality" time="8.765"/>
  <system-out/>
</testsuite> <!-- com.saucedemo.TestPack.TC1_VerfiyLoginFunctionality -->
