<?xml version="1.0" encoding="UTF-8"?>
<!-- Generated by org.testng.reporters.JUnitXMLReporter -->
<testsuite ignored="0" hostname="DESKTOP-VMLR7DK" failures="0" tests="4" name="Test" time="37.505" errors="0" timestamp="2023-09-04T19:52:26 IST">
  <testcase classname="com.saucedemo.TestPack.TC1_VerfiyLoginFunctionality" name="verifyLoginFunctionality" time="0.022"/>
  <testcase classname="com.saucedemo.TestPack.TC2_VerifyLogOutFunctionality" name="verifyLogOutFunctionality" time="0.274"/>
  <testcase classname="com.saucedemo.TestPack.TC3_VerifyBagProductAddToCartFunctionality" name="verifyBagProductAddToCartFunctionality" time="0.267"/>
  <testcase classname="com.saucedemo.TestPack.TC4_VerfiyAllProductsAddToCartFunctionality" name="verifyAllProductProductAddToCartFunctionality" time="0.719"/>
</testsuite> <!-- Test -->
